<?xml version="1.0" encoding="UTF-8"?>
<!-- Generated by org.testng.reporters.JUnitReportReporter -->
<testsuite hostname="DESKTOP-P39CJOI" failures="0" tests="6" name="POM_Runner.LoginRunner" time="27.066" errors="0" timestamp="2023-02-10T18:08:41 IST" skipped="0">
  <testcase classname="POM_Runner.LoginRunner" name="Open_Link" time="8.667"/>
  <system-out/>
  <testcase classname="POM_Runner.LoginRunner" name="Login" time="0.583"/>
  <system-out/>
  <testcase classname="POM_Runner.LoginRunner" name="Login" time="1.830"/>
  <system-out/>
  <testcase classname="POM_Runner.LoginRunner" name="Verify_User" time="0.021"/>
  <system-out/>
  <testcase classname="POM_Runner.LoginRunner" name="Open_Link" time="15.948"/>
  <system-out/>
  <testcase classname="POM_Runner.LoginRunner" name="Verify_User" time="0.017"/>
  <system-out/>
</testsuite> <!-- POM_Runner.LoginRunner -->
