<?xml version="1.0" encoding="UTF-8"?>
<!-- Generated by org.testng.reporters.JUnitReportReporter -->
<testsuite hostname="DESKTOP-P39CJOI" failures="0" tests="3" name="Guru_99.Runner.com.Guru99_addCustomer" time="23.993" errors="0" timestamp="2023-02-20T13:25:40 IST" skipped="0">
  <testcase classname="Guru_99.Runner.com.Guru99_addCustomer" name="addCustomer_test" time="6.872"/>
  <system-out/>
  <testcase classname="Guru_99.Runner.com.Guru99_addCustomer" name="Select_Browser_Name" time="15.012"/>
  <system-out/>
  <testcase classname="Guru_99.Runner.com.Guru99_addCustomer" name="ValidCredentials" time="2.109"/>
  <system-out/>
</testsuite> <!-- Guru_99.Runner.com.Guru99_addCustomer -->
